<?xml version="1.0" encoding="UTF-8"?>
<!-- Generated by org.testng.reporters.JUnitXMLReporter -->
<testsuite ignored="1" hostname="LAPTOP-9N1TAA6H" failures="0" tests="2" name="Remaining" time="9.527" errors="0" timestamp="2025-03-20T13:20:07 CST">
  <testcase classname="earleePayroll.EditMemberDetails" name="EditMemberDetails1" time="7.976"/>
  <testcase classname="earleePayroll.EmployeeLeave" name="AddingLeave" time="1.536"/>
  <testcase classname="earleePayroll.Main" name="@BeforeSuite setUp" time="0.0">
    <ignored/>
  </testcase> <!-- @BeforeSuite setUp -->
</testsuite> <!-- Remaining -->
